26-03-25 17:06:46.153 [main] INFO  c.s.m.discodeit.DiscodeitApplication - Starting DiscodeitApplication using Java 17.0.17 with PID 22934 (/Users/apple/Desktop/IdeaProjects/9-sprint-mission/discodeit/build/classes/java/main started by apple in /Users/apple/Desktop/IdeaProjects/9-sprint-mission)
26-03-25 17:06:46.154 [main] INFO  c.s.m.discodeit.DiscodeitApplication - The following 1 profile is active: "dev"
26-03-25 17:06:46.565 [main] INFO  o.s.d.r.c.RepositoryConfigurationDelegate - Bootstrapping Spring Data JPA repositories in DEFAULT mode.
26-03-25 17:06:46.610 [main] INFO  o.s.d.r.c.RepositoryConfigurationDelegate - Finished Spring Data repository scanning in 40 ms. Found 6 JPA repository interfaces.
26-03-25 17:06:46.899 [main] INFO  o.s.b.w.e.tomcat.TomcatWebServer - Tomcat initialized with port 8080 (http)
26-03-25 17:06:46.905 [main] INFO  o.a.coyote.http11.Http11NioProtocol - Initializing ProtocolHandler ["http-nio-8080"]
26-03-25 17:06:46.905 [main] INFO  o.a.catalina.core.StandardService - Starting service [Tomcat]
26-03-25 17:06:46.905 [main] INFO  o.a.catalina.core.StandardEngine - Starting Servlet engine: [Apache Tomcat/10.1.33]
26-03-25 17:06:46.934 [main] INFO  o.a.c.c.C.[Tomcat].[localhost].[/] - Initializing Spring embedded WebApplicationContext
26-03-25 17:06:46.934 [main] INFO  o.s.b.w.s.c.ServletWebServerApplicationContext - Root WebApplicationContext: initialization completed in 752 ms
26-03-25 17:06:46.985 [main] INFO  com.zaxxer.hikari.HikariDataSource - HikariPool-1 - Starting...
26-03-25 17:06:47.050 [main] INFO  com.zaxxer.hikari.pool.HikariPool - HikariPool-1 - Added connection org.postgresql.jdbc.PgConnection@687eb455
26-03-25 17:06:47.050 [main] INFO  com.zaxxer.hikari.HikariDataSource - HikariPool-1 - Start completed.
26-03-25 17:06:47.089 [main] INFO  o.h.jpa.internal.util.LogHelper - HHH000204: Processing PersistenceUnitInfo [name: default]
26-03-25 17:06:47.115 [main] INFO  org.hibernate.Version - HHH000412: Hibernate ORM core version 6.6.2.Final
26-03-25 17:06:47.133 [main] INFO  o.h.c.i.RegionFactoryInitiator - HHH000026: Second-level cache disabled
26-03-25 17:06:47.317 [main] INFO  o.s.o.j.p.SpringPersistenceUnitInfo - No LoadTimeWeaver setup: ignoring JPA class transformer
26-03-25 17:06:47.394 [main] INFO  o.hibernate.orm.connections.pooling - HHH10001005: Database info:
	Database JDBC URL [Connecting through datasource 'HikariDataSource (HikariPool-1)']
	Database driver: undefined/unknown
	Database version: 14.21
	Autocommit mode: undefined/unknown
	Isolation level: undefined/unknown
	Minimum pool size: undefined/unknown
	Maximum pool size: undefined/unknown
26-03-25 17:06:47.862 [main] INFO  o.h.e.t.j.p.i.JtaPlatformInitiator - HHH000489: No JTA platform available (set 'hibernate.transaction.jta.platform' to enable JTA platform integration)
26-03-25 17:06:47.928 [main] INFO  o.s.o.j.LocalContainerEntityManagerFactoryBean - Initialized JPA EntityManagerFactory for persistence unit 'default'
26-03-25 17:06:48.062 [main] INFO  o.s.d.j.r.query.QueryEnhancerFactory - Hibernate is in classpath; If applicable, HQL parser will be used.
26-03-25 17:06:48.400 [main] INFO  o.s.b.a.w.s.WelcomePageHandlerMapping - Adding welcome page: class path resource [static/index.html]
26-03-25 17:06:48.634 [main] INFO  o.a.coyote.http11.Http11NioProtocol - Starting ProtocolHandler ["http-nio-8080"]
26-03-25 17:06:48.644 [main] INFO  o.s.b.w.e.tomcat.TomcatWebServer - Tomcat started on port 8080 (http) with context path '/'
26-03-25 17:06:48.651 [main] INFO  c.s.m.discodeit.DiscodeitApplication - Started DiscodeitApplication in 2.924 seconds (process running for 8.581)
26-03-25 17:07:46.363 [http-nio-8080-exec-1] INFO  o.a.c.c.C.[Tomcat].[localhost].[/] - Initializing Spring DispatcherServlet 'dispatcherServlet'
26-03-25 17:07:46.368 [http-nio-8080-exec-1] INFO  o.s.web.servlet.DispatcherServlet - Initializing Servlet 'dispatcherServlet'
26-03-25 17:07:46.387 [http-nio-8080-exec-1] INFO  o.s.web.servlet.DispatcherServlet - Completed initialization in 19 ms
26-03-25 17:08:34.326 [http-nio-8080-exec-4] DEBUG org.hibernate.SQL - 
    select
        u1_0.id 
    from
        users u1_0 
    where
        u1_0.email=? 
    fetch
        first ? rows only
26-03-25 17:08:34.331 [http-nio-8080-exec-4] TRACE org.hibernate.orm.jdbc.bind - binding parameter (1:VARCHAR) <- [test3@test.com]
26-03-25 17:08:34.331 [http-nio-8080-exec-4] TRACE org.hibernate.orm.jdbc.bind - binding parameter (2:INTEGER) <- [1]
26-03-25 17:08:34.359 [http-nio-8080-exec-4] WARN  c.s.m.d.s.basic.BasicUserService - User creation failed - email already exists: test3@test.com
26-03-25 17:08:51.010 [http-nio-8080-exec-6] DEBUG org.hibernate.SQL - 
    select
        u1_0.id,
        u1_0.created_at,
        u1_0.email,
        u1_0.password,
        p1_0.id,
        p1_0.content_type,
        p1_0.created_at,
        p1_0.file_name,
        p1_0.size,
        s1_0.id,
        s1_0.created_at,
        s1_0.last_active_at,
        s1_0.updated_at,
        s1_0.user_id,
        u1_0.updated_at,
        u1_0.username 
    from
        users u1_0 
    left join
        binary_contents p1_0 
            on p1_0.id=u1_0.profile_id 
    join
        user_statuses s1_0 
            on u1_0.id=s1_0.user_id
26-03-25 17:09:20.016 [SpringApplicationShutdownHook] INFO  o.s.b.w.e.tomcat.GracefulShutdown - Commencing graceful shutdown. Waiting for active requests to complete
26-03-25 17:09:20.021 [tomcat-shutdown] INFO  o.s.b.w.e.tomcat.GracefulShutdown - Graceful shutdown complete
26-03-25 17:09:20.032 [SpringApplicationShutdownHook] INFO  o.s.o.j.LocalContainerEntityManagerFactoryBean - Closing JPA EntityManagerFactory for persistence unit 'default'
26-03-25 17:09:20.037 [SpringApplicationShutdownHook] INFO  com.zaxxer.hikari.HikariDataSource - HikariPool-1 - Shutdown initiated...
26-03-25 17:09:20.039 [SpringApplicationShutdownHook] INFO  com.zaxxer.hikari.HikariDataSource - HikariPool-1 - Shutdown completed.
26-03-25 17:29:03.310 [main] INFO  c.s.m.discodeit.DiscodeitApplication - Starting DiscodeitApplication using Java 17.0.17 with PID 24120 (/Users/apple/Desktop/IdeaProjects/9-sprint-mission/discodeit/build/classes/java/main started by apple in /Users/apple/Desktop/IdeaProjects/9-sprint-mission)
26-03-25 17:29:03.312 [main] INFO  c.s.m.discodeit.DiscodeitApplication - The following 1 profile is active: "dev"
26-03-25 17:29:03.773 [main] INFO  o.s.d.r.c.RepositoryConfigurationDelegate - Bootstrapping Spring Data JPA repositories in DEFAULT mode.
26-03-25 17:29:03.823 [main] INFO  o.s.d.r.c.RepositoryConfigurationDelegate - Finished Spring Data repository scanning in 45 ms. Found 6 JPA repository interfaces.
26-03-25 17:29:04.129 [main] INFO  o.s.b.w.e.tomcat.TomcatWebServer - Tomcat initialized with port 8080 (http)
26-03-25 17:29:04.135 [main] INFO  o.a.coyote.http11.Http11NioProtocol - Initializing ProtocolHandler ["http-nio-8080"]
26-03-25 17:29:04.136 [main] INFO  o.a.catalina.core.StandardService - Starting service [Tomcat]
26-03-25 17:29:04.137 [main] INFO  o.a.catalina.core.StandardEngine - Starting Servlet engine: [Apache Tomcat/10.1.33]
26-03-25 17:29:04.169 [main] INFO  o.a.c.c.C.[Tomcat].[localhost].[/] - Initializing Spring embedded WebApplicationContext
26-03-25 17:29:04.170 [main] INFO  o.s.b.w.s.c.ServletWebServerApplicationContext - Root WebApplicationContext: initialization completed in 838 ms
26-03-25 17:29:04.222 [main] INFO  com.zaxxer.hikari.HikariDataSource - HikariPool-1 - Starting...
26-03-25 17:29:04.288 [main] INFO  com.zaxxer.hikari.pool.HikariPool - HikariPool-1 - Added connection org.postgresql.jdbc.PgConnection@6b832551
26-03-25 17:29:04.289 [main] INFO  com.zaxxer.hikari.HikariDataSource - HikariPool-1 - Start completed.
26-03-25 17:29:04.331 [main] INFO  o.h.jpa.internal.util.LogHelper - HHH000204: Processing PersistenceUnitInfo [name: default]
26-03-25 17:29:04.382 [main] INFO  org.hibernate.Version - HHH000412: Hibernate ORM core version 6.6.2.Final
26-03-25 17:29:04.416 [main] INFO  o.h.c.i.RegionFactoryInitiator - HHH000026: Second-level cache disabled
26-03-25 17:29:04.580 [main] INFO  o.s.o.j.p.SpringPersistenceUnitInfo - No LoadTimeWeaver setup: ignoring JPA class transformer
26-03-25 17:29:04.643 [main] INFO  o.hibernate.orm.connections.pooling - HHH10001005: Database info:
	Database JDBC URL [Connecting through datasource 'HikariDataSource (HikariPool-1)']
	Database driver: undefined/unknown
	Database version: 14.21
	Autocommit mode: undefined/unknown
	Isolation level: undefined/unknown
	Minimum pool size: undefined/unknown
	Maximum pool size: undefined/unknown
26-03-25 17:29:05.132 [main] INFO  o.h.e.t.j.p.i.JtaPlatformInitiator - HHH000489: No JTA platform available (set 'hibernate.transaction.jta.platform' to enable JTA platform integration)
26-03-25 17:29:05.178 [main] INFO  o.s.o.j.LocalContainerEntityManagerFactoryBean - Initialized JPA EntityManagerFactory for persistence unit 'default'
26-03-25 17:29:05.318 [main] INFO  o.s.d.j.r.query.QueryEnhancerFactory - Hibernate is in classpath; If applicable, HQL parser will be used.
26-03-25 17:29:05.654 [main] INFO  o.s.b.a.w.s.WelcomePageHandlerMapping - Adding welcome page: class path resource [static/index.html]
26-03-25 17:29:05.865 [main] INFO  o.a.coyote.http11.Http11NioProtocol - Starting ProtocolHandler ["http-nio-8080"]
26-03-25 17:29:05.875 [main] INFO  o.s.b.w.e.tomcat.TomcatWebServer - Tomcat started on port 8080 (http) with context path '/'
26-03-25 17:29:05.881 [main] INFO  c.s.m.discodeit.DiscodeitApplication - Started DiscodeitApplication in 2.843 seconds (process running for 8.461)
26-03-25 17:29:10.928 [SpringApplicationShutdownHook] INFO  o.s.b.w.e.tomcat.GracefulShutdown - Commencing graceful shutdown. Waiting for active requests to complete
26-03-25 17:29:10.939 [tomcat-shutdown] INFO  o.s.b.w.e.tomcat.GracefulShutdown - Graceful shutdown complete
26-03-25 17:29:10.944 [SpringApplicationShutdownHook] INFO  o.s.o.j.LocalContainerEntityManagerFactoryBean - Closing JPA EntityManagerFactory for persistence unit 'default'
26-03-25 17:29:10.946 [SpringApplicationShutdownHook] INFO  com.zaxxer.hikari.HikariDataSource - HikariPool-1 - Shutdown initiated...
26-03-25 17:29:10.948 [SpringApplicationShutdownHook] INFO  com.zaxxer.hikari.HikariDataSource - HikariPool-1 - Shutdown completed.
26-03-25 17:51:09.964 [main] INFO  c.s.m.discodeit.DiscodeitApplication - Starting DiscodeitApplication using Java 17.0.17 with PID 25596 (/Users/apple/Desktop/IdeaProjects/9-sprint-mission/discodeit/build/classes/java/main started by apple in /Users/apple/Desktop/IdeaProjects/9-sprint-mission)
26-03-25 17:51:09.965 [main] INFO  c.s.m.discodeit.DiscodeitApplication - The following 1 profile is active: "dev"
26-03-25 17:51:10.367 [main] INFO  o.s.d.r.c.RepositoryConfigurationDelegate - Bootstrapping Spring Data JPA repositories in DEFAULT mode.
26-03-25 17:51:10.409 [main] INFO  o.s.d.r.c.RepositoryConfigurationDelegate - Finished Spring Data repository scanning in 37 ms. Found 6 JPA repository interfaces.
26-03-25 17:51:10.692 [main] INFO  o.s.b.w.e.tomcat.TomcatWebServer - Tomcat initialized with port 8080 (http)
26-03-25 17:51:10.699 [main] INFO  o.a.coyote.http11.Http11NioProtocol - Initializing ProtocolHandler ["http-nio-8080"]
26-03-25 17:51:10.701 [main] INFO  o.a.catalina.core.StandardService - Starting service [Tomcat]
26-03-25 17:51:10.701 [main] INFO  o.a.catalina.core.StandardEngine - Starting Servlet engine: [Apache Tomcat/10.1.33]
26-03-25 17:51:10.728 [main] INFO  o.a.c.c.C.[Tomcat].[localhost].[/] - Initializing Spring embedded WebApplicationContext
26-03-25 17:51:10.728 [main] INFO  o.s.b.w.s.c.ServletWebServerApplicationContext - Root WebApplicationContext: initialization completed in 746 ms
26-03-25 17:51:10.774 [main] INFO  com.zaxxer.hikari.HikariDataSource - HikariPool-1 - Starting...
26-03-25 17:51:10.841 [main] INFO  com.zaxxer.hikari.pool.HikariPool - HikariPool-1 - Added connection org.postgresql.jdbc.PgConnection@6615237
26-03-25 17:51:10.842 [main] INFO  com.zaxxer.hikari.HikariDataSource - HikariPool-1 - Start completed.
26-03-25 17:51:10.888 [main] INFO  o.h.jpa.internal.util.LogHelper - HHH000204: Processing PersistenceUnitInfo [name: default]
26-03-25 17:51:10.942 [main] INFO  org.hibernate.Version - HHH000412: Hibernate ORM core version 6.6.2.Final
26-03-25 17:51:10.966 [main] INFO  o.h.c.i.RegionFactoryInitiator - HHH000026: Second-level cache disabled
26-03-25 17:51:11.190 [main] INFO  o.s.o.j.p.SpringPersistenceUnitInfo - No LoadTimeWeaver setup: ignoring JPA class transformer
26-03-25 17:51:11.259 [main] INFO  o.hibernate.orm.connections.pooling - HHH10001005: Database info:
	Database JDBC URL [Connecting through datasource 'HikariDataSource (HikariPool-1)']
	Database driver: undefined/unknown
	Database version: 14.21
	Autocommit mode: undefined/unknown
	Isolation level: undefined/unknown
	Minimum pool size: undefined/unknown
	Maximum pool size: undefined/unknown
26-03-25 17:51:11.774 [main] INFO  o.h.e.t.j.p.i.JtaPlatformInitiator - HHH000489: No JTA platform available (set 'hibernate.transaction.jta.platform' to enable JTA platform integration)
26-03-25 17:51:11.815 [main] INFO  o.s.o.j.LocalContainerEntityManagerFactoryBean - Initialized JPA EntityManagerFactory for persistence unit 'default'
26-03-25 17:51:11.957 [main] INFO  o.s.d.j.r.query.QueryEnhancerFactory - Hibernate is in classpath; If applicable, HQL parser will be used.
26-03-25 17:51:12.298 [main] INFO  o.s.b.a.w.s.WelcomePageHandlerMapping - Adding welcome page: class path resource [static/index.html]
26-03-25 17:51:12.517 [main] INFO  o.a.coyote.http11.Http11NioProtocol - Starting ProtocolHandler ["http-nio-8080"]
26-03-25 17:51:12.526 [main] INFO  o.s.b.w.e.tomcat.TomcatWebServer - Tomcat started on port 8080 (http) with context path '/'
26-03-25 17:51:12.533 [main] INFO  c.s.m.discodeit.DiscodeitApplication - Started DiscodeitApplication in 2.835 seconds (process running for 8.72)
26-03-25 17:51:19.116 [http-nio-8080-exec-2] INFO  o.a.c.c.C.[Tomcat].[localhost].[/] - Initializing Spring DispatcherServlet 'dispatcherServlet'
26-03-25 17:51:19.116 [http-nio-8080-exec-2] INFO  o.s.web.servlet.DispatcherServlet - Initializing Servlet 'dispatcherServlet'
26-03-25 17:51:19.120 [http-nio-8080-exec-2] INFO  o.s.web.servlet.DispatcherServlet - Completed initialization in 3 ms
26-03-25 17:51:19.223 [http-nio-8080-exec-2] DEBUG org.hibernate.SQL - 
    select
        u1_0.id,
        u1_0.created_at,
        u1_0.email,
        u1_0.password,
        p1_0.id,
        p1_0.content_type,
        p1_0.created_at,
        p1_0.file_name,
        p1_0.size,
        s1_0.id,
        s1_0.created_at,
        s1_0.last_active_at,
        s1_0.updated_at,
        s1_0.user_id,
        u1_0.updated_at,
        u1_0.username 
    from
        users u1_0 
    left join
        binary_contents p1_0 
            on p1_0.id=u1_0.profile_id 
    join
        user_statuses s1_0 
            on u1_0.id=s1_0.user_id
26-03-25 17:52:05.731 [http-nio-8080-exec-3] DEBUG org.hibernate.SQL - 
    select
        u1_0.id 
    from
        users u1_0 
    where
        u1_0.email=? 
    fetch
        first ? rows only
26-03-25 17:52:05.733 [http-nio-8080-exec-3] TRACE org.hibernate.orm.jdbc.bind - binding parameter (1:VARCHAR) <- [test5@test.com]
26-03-25 17:52:05.733 [http-nio-8080-exec-3] TRACE org.hibernate.orm.jdbc.bind - binding parameter (2:INTEGER) <- [1]
26-03-25 17:52:05.741 [http-nio-8080-exec-3] WARN  c.s.m.d.s.basic.BasicUserService - User creation failed - email already exists: test5@test.com
26-03-25 17:52:27.040 [http-nio-8080-exec-5] DEBUG org.hibernate.SQL - 
    select
        u1_0.id 
    from
        users u1_0 
    where
        u1_0.email=? 
    fetch
        first ? rows only
26-03-25 17:52:27.041 [http-nio-8080-exec-5] TRACE org.hibernate.orm.jdbc.bind - binding parameter (1:VARCHAR) <- [test6@test.com]
26-03-25 17:52:27.041 [http-nio-8080-exec-5] TRACE org.hibernate.orm.jdbc.bind - binding parameter (2:INTEGER) <- [1]
26-03-25 17:52:27.046 [http-nio-8080-exec-5] DEBUG org.hibernate.SQL - 
    select
        u1_0.id 
    from
        users u1_0 
    where
        u1_0.username=? 
    fetch
        first ? rows only
26-03-25 17:52:27.046 [http-nio-8080-exec-5] TRACE org.hibernate.orm.jdbc.bind - binding parameter (1:VARCHAR) <- [test6]
26-03-25 17:52:27.047 [http-nio-8080-exec-5] TRACE org.hibernate.orm.jdbc.bind - binding parameter (2:INTEGER) <- [1]
26-03-25 17:52:27.103 [http-nio-8080-exec-5] INFO  c.s.m.d.s.basic.BasicUserService - User created - username: test6, email: test6@test.com
26-03-25 17:52:27.112 [http-nio-8080-exec-5] DEBUG org.hibernate.SQL - 
    insert 
    into
        users
        (created_at, email, password, profile_id, updated_at, username, id) 
    values
        (?, ?, ?, ?, ?, ?, ?)
26-03-25 17:52:27.113 [http-nio-8080-exec-5] TRACE org.hibernate.orm.jdbc.bind - binding parameter (1:TIMESTAMP_UTC) <- [2026-03-25T08:52:27.079993Z]
26-03-25 17:52:27.114 [http-nio-8080-exec-5] TRACE org.hibernate.orm.jdbc.bind - binding parameter (2:VARCHAR) <- [test6@test.com]
26-03-25 17:52:27.114 [http-nio-8080-exec-5] TRACE org.hibernate.orm.jdbc.bind - binding parameter (3:VARCHAR) <- [6789]
26-03-25 17:52:27.114 [http-nio-8080-exec-5] TRACE org.hibernate.orm.jdbc.bind - binding parameter (4:UUID) <- [null]
26-03-25 17:52:27.114 [http-nio-8080-exec-5] TRACE org.hibernate.orm.jdbc.bind - binding parameter (5:TIMESTAMP_UTC) <- [2026-03-25T08:52:27.079993Z]
26-03-25 17:52:27.114 [http-nio-8080-exec-5] TRACE org.hibernate.orm.jdbc.bind - binding parameter (6:VARCHAR) <- [test6]
26-03-25 17:52:27.114 [http-nio-8080-exec-5] TRACE org.hibernate.orm.jdbc.bind - binding parameter (7:UUID) <- [525fd713-a686-461d-b8fd-3305c52a80a1]
26-03-25 17:52:27.119 [http-nio-8080-exec-5] DEBUG org.hibernate.SQL - 
    insert 
    into
        user_statuses
        (created_at, last_active_at, updated_at, user_id, id) 
    values
        (?, ?, ?, ?, ?)
26-03-25 17:52:27.119 [http-nio-8080-exec-5] TRACE org.hibernate.orm.jdbc.bind - binding parameter (1:TIMESTAMP_UTC) <- [2026-03-25T08:52:27.102233Z]
26-03-25 17:52:27.119 [http-nio-8080-exec-5] TRACE org.hibernate.orm.jdbc.bind - binding parameter (2:TIMESTAMP_UTC) <- [2026-03-25T08:52:27.050237Z]
26-03-25 17:52:27.119 [http-nio-8080-exec-5] TRACE org.hibernate.orm.jdbc.bind - binding parameter (3:TIMESTAMP_UTC) <- [2026-03-25T08:52:27.102233Z]
26-03-25 17:52:27.119 [http-nio-8080-exec-5] TRACE org.hibernate.orm.jdbc.bind - binding parameter (4:UUID) <- [525fd713-a686-461d-b8fd-3305c52a80a1]
26-03-25 17:52:27.119 [http-nio-8080-exec-5] TRACE org.hibernate.orm.jdbc.bind - binding parameter (5:UUID) <- [6c63b0a6-2d18-4aa9-a928-8797590a7a87]
26-03-25 17:54:54.997 [SpringApplicationShutdownHook] INFO  o.s.b.w.e.tomcat.GracefulShutdown - Commencing graceful shutdown. Waiting for active requests to complete
26-03-25 17:54:55.025 [tomcat-shutdown] INFO  o.s.b.w.e.tomcat.GracefulShutdown - Graceful shutdown complete
26-03-25 17:54:55.030 [SpringApplicationShutdownHook] INFO  o.s.o.j.LocalContainerEntityManagerFactoryBean - Closing JPA EntityManagerFactory for persistence unit 'default'
26-03-25 17:54:55.038 [SpringApplicationShutdownHook] INFO  com.zaxxer.hikari.HikariDataSource - HikariPool-1 - Shutdown initiated...
26-03-25 17:54:55.040 [SpringApplicationShutdownHook] INFO  com.zaxxer.hikari.HikariDataSource - HikariPool-1 - Shutdown completed.
